This file contains any messages produced by compilers while
running configure, to aid debugging if configure makes a mistake.

It was created by configure, which was
generated by GNU Autoconf 2.59.  Invocation command line was

  $ ./configure 

## --------- ##
## Platform. ##
## --------- ##

hostname = flog.yuma.net
uname -m = x86_64
uname -r = 2.6.12-1.1378_FC3
uname -s = Linux
uname -v = #1 Wed Sep 14 04:19:56 EDT 2005

/usr/bin/uname -p = unknown
/bin/uname -X     = unknown

/bin/arch              = x86_64
/usr/bin/arch -k       = unknown
/usr/convex/getsysinfo = unknown
hostinfo               = unknown
/bin/machine           = unknown
/usr/bin/oslevel       = unknown
/bin/universe          = unknown

PATH: /home/fyodor/scripts
PATH: /home/fyodor/bin
PATH: /usr/local/perl/bin
PATH: /usr/local/bin
PATH: /usr/local/teTeX/bin
PATH: /usr/local/mozilla
PATH: /bin
PATH: /usr/bin
PATH: /usr/local/sbin
PATH: /usr/sbin
PATH: /sbin
PATH: /usr/X11/bin
PATH: /usr/X11R6/bin
PATH: /usr/ucb
PATH: /usr/java/bin
PATH: /usr/openwin/bin
PATH: /usr/games
PATH: /usr/local/samba/bin
PATH: /usr/local/java/bin
PATH: /opt/kde/bin
PATH: /usr/local/bin/ezmlm
PATH: /usr/local/pgsql/bin
PATH: /opt/ipf/bin
PATH: /usr/bin/X11
PATH: /usr/contrib/bin
PATH: /admin/scripts
PATH: .


## ----------- ##
## Core tests. ##
## ----------- ##

configure:1343: checking build system type
configure:1361: result: x86_64-unknown-linux-gnu
configure:1369: checking host system type
configure:1383: result: x86_64-unknown-linux-gnu
configure:1391: checking target system type
configure:1405: result: x86_64-unknown-linux-gnu
configure:1535: checking for gcc
configure:1551: found /usr/bin/gcc
configure:1561: result: gcc
configure:1805: checking for C compiler version
configure:1808: gcc --version </dev/null >&5
gcc (GCC) 3.4.4 20050721 (Red Hat 3.4.4-2)
Copyright (C) 2004 Free Software Foundation, Inc.
This is free software; see the source for copying conditions.  There is NO
warranty; not even for MERCHANTABILITY or FITNESS FOR A PARTICULAR PURPOSE.

configure:1811: $? = 0
configure:1813: gcc -v </dev/null >&5
Reading specs from /usr/lib/gcc/x86_64-redhat-linux/3.4.4/specs
Configured with: ../configure --prefix=/usr --mandir=/usr/share/man --infodir=/usr/share/info --enable-shared --enable-threads=posix --disable-checking --with-system-zlib --enable-__cxa_atexit --disable-libunwind-exceptions --enable-java-awt=gtk --host=x86_64-redhat-linux
Thread model: posix
gcc version 3.4.4 20050721 (Red Hat 3.4.4-2)
configure:1816: $? = 0
configure:1818: gcc -V </dev/null >&5
gcc: `-V' option must have argument
configure:1821: $? = 1
configure:1844: checking for C compiler default output file name
configure:1847: gcc    conftest.c  >&5
configure:1850: $? = 0
configure:1896: result: a.out
configure:1901: checking whether the C compiler works
configure:1907: ./a.out
configure:1910: $? = 0
configure:1927: result: yes
configure:1934: checking whether we are cross compiling
configure:1936: result: no
configure:1939: checking for suffix of executables
configure:1941: gcc -o conftest    conftest.c  >&5
configure:1944: $? = 0
configure:1969: result: 
configure:1975: checking for suffix of object files
configure:1996: gcc -c   conftest.c >&5
configure:1999: $? = 0
configure:2021: result: o
configure:2025: checking whether we are using the GNU C compiler
configure:2049: gcc -c   conftest.c >&5
configure:2055: $? = 0
configure:2059: test -z 
			 || test ! -s conftest.err
configure:2062: $? = 0
configure:2065: test -s conftest.o
configure:2068: $? = 0
configure:2081: result: yes
configure:2087: checking whether gcc accepts -g
configure:2108: gcc -c -g  conftest.c >&5
configure:2114: $? = 0
configure:2118: test -z 
			 || test ! -s conftest.err
configure:2121: $? = 0
configure:2124: test -s conftest.o
configure:2127: $? = 0
configure:2138: result: yes
configure:2155: checking for gcc option to accept ANSI C
configure:2225: gcc  -c -g -O2  conftest.c >&5
configure:2231: $? = 0
configure:2235: test -z 
			 || test ! -s conftest.err
configure:2238: $? = 0
configure:2241: test -s conftest.o
configure:2244: $? = 0
configure:2262: result: none needed
configure:2280: gcc -c -g -O2  conftest.c >&5
conftest.c:2: error: syntax error before "me"
configure:2286: $? = 1
configure: failed program was:
| #ifndef __cplusplus
|   choke me
| #endif
configure:2424: checking gcc version
configure:2436: result: 3
configure:2658: checking for inline
configure:2699: gcc -c -g -O2  conftest.c >&5
configure:2705: $? = 0
configure:2709: test -z 
			 || test ! -s conftest.err
configure:2712: $? = 0
configure:2715: test -s conftest.o
configure:2718: $? = 0
configure:2738: result: inline
configure:2750: checking for __attribute__
configure:2781: gcc -c -g -O2  conftest.c >&5
configure:2787: $? = 0
configure:2791: test -z 
			 || test ! -s conftest.err
configure:2794: $? = 0
configure:2797: test -s conftest.o
configure:2800: $? = 0
configure:2822: result: yes
configure:2826: checking for u_int8_t using gcc
configure:2853: gcc -c -g -O2  conftest.c >&5
configure:2859: $? = 0
configure:2863: test -z 
			 || test ! -s conftest.err
configure:2866: $? = 0
configure:2869: test -s conftest.o
configure:2872: $? = 0
configure:2884: result: yes
configure:2893: checking for u_int16_t using gcc
configure:2920: gcc -c -g -O2  conftest.c >&5
configure:2926: $? = 0
configure:2930: test -z 
			 || test ! -s conftest.err
configure:2933: $? = 0
configure:2936: test -s conftest.o
configure:2939: $? = 0
configure:2951: result: yes
configure:2960: checking for u_int32_t using gcc
configure:2987: gcc -c -g -O2  conftest.c >&5
configure:2993: $? = 0
configure:2997: test -z 
			 || test ! -s conftest.err
configure:3000: $? = 0
configure:3003: test -s conftest.o
configure:3006: $? = 0
configure:3018: result: yes
configure:3033: checking how to run the C preprocessor
configure:3068: gcc -E  conftest.c
configure:3074: $? = 0
configure:3106: gcc -E  conftest.c
conftest.c:11:28: ac_nonexistent.h: No such file or directory
configure:3112: $? = 1
configure: failed program was:
| /* confdefs.h.  */
| 
| #define PACKAGE_NAME ""
| #define PACKAGE_TARNAME ""
| #define PACKAGE_VERSION ""
| #define PACKAGE_STRING ""
| #define PACKAGE_BUGREPORT ""
| #define inline inline
| #define HAVE___ATTRIBUTE__ 1
| /* end confdefs.h.  */
| #include <ac_nonexistent.h>
configure:3151: result: gcc -E
configure:3175: gcc -E  conftest.c
configure:3181: $? = 0
configure:3213: gcc -E  conftest.c
conftest.c:11:28: ac_nonexistent.h: No such file or directory
configure:3219: $? = 1
configure: failed program was:
| /* confdefs.h.  */
| 
| #define PACKAGE_NAME ""
| #define PACKAGE_TARNAME ""
| #define PACKAGE_VERSION ""
| #define PACKAGE_STRING ""
| #define PACKAGE_BUGREPORT ""
| #define inline inline
| #define HAVE___ATTRIBUTE__ 1
| /* end confdefs.h.  */
| #include <ac_nonexistent.h>
configure:3263: checking for egrep
configure:3273: result: grep -E
configure:3278: checking for ANSI C header files
configure:3303: gcc -c -g -O2  conftest.c >&5
configure:3309: $? = 0
configure:3313: test -z 
			 || test ! -s conftest.err
configure:3316: $? = 0
configure:3319: test -s conftest.o
configure:3322: $? = 0
configure:3411: gcc -o conftest -g -O2   conftest.c  >&5
configure:3414: $? = 0
configure:3416: ./conftest
configure:3419: $? = 0
configure:3434: result: yes
configure:3458: checking for sys/types.h
configure:3474: gcc -c -g -O2  conftest.c >&5
configure:3480: $? = 0
configure:3484: test -z 
			 || test ! -s conftest.err
configure:3487: $? = 0
configure:3490: test -s conftest.o
configure:3493: $? = 0
configure:3504: result: yes
configure:3458: checking for sys/stat.h
configure:3474: gcc -c -g -O2  conftest.c >&5
configure:3480: $? = 0
configure:3484: test -z 
			 || test ! -s conftest.err
configure:3487: $? = 0
configure:3490: test -s conftest.o
configure:3493: $? = 0
configure:3504: result: yes
configure:3458: checking for stdlib.h
configure:3474: gcc -c -g -O2  conftest.c >&5
configure:3480: $? = 0
configure:3484: test -z 
			 || test ! -s conftest.err
configure:3487: $? = 0
configure:3490: test -s conftest.o
configure:3493: $? = 0
configure:3504: result: yes
configure:3458: checking for string.h
configure:3474: gcc -c -g -O2  conftest.c >&5
configure:3480: $? = 0
configure:3484: test -z 
			 || test ! -s conftest.err
configure:3487: $? = 0
configure:3490: test -s conftest.o
configure:3493: $? = 0
configure:3504: result: yes
configure:3458: checking for memory.h
configure:3474: gcc -c -g -O2  conftest.c >&5
configure:3480: $? = 0
configure:3484: test -z 
			 || test ! -s conftest.err
configure:3487: $? = 0
configure:3490: test -s conftest.o
configure:3493: $? = 0
configure:3504: result: yes
configure:3458: checking for strings.h
configure:3474: gcc -c -g -O2  conftest.c >&5
configure:3480: $? = 0
configure:3484: test -z 
			 || test ! -s conftest.err
configure:3487: $? = 0
configure:3490: test -s conftest.o
configure:3493: $? = 0
configure:3504: result: yes
configure:3458: checking for inttypes.h
configure:3474: gcc -c -g -O2  conftest.c >&5
configure:3480: $? = 0
configure:3484: test -z 
			 || test ! -s conftest.err
configure:3487: $? = 0
configure:3490: test -s conftest.o
configure:3493: $? = 0
configure:3504: result: yes
configure:3458: checking for stdint.h
configure:3474: gcc -c -g -O2  conftest.c >&5
configure:3480: $? = 0
configure:3484: test -z 
			 || test ! -s conftest.err
configure:3487: $? = 0
configure:3490: test -s conftest.o
configure:3493: $? = 0
configure:3504: result: yes
configure:3458: checking for unistd.h
configure:3474: gcc -c -g -O2  conftest.c >&5
configure:3480: $? = 0
configure:3484: test -z 
			 || test ! -s conftest.err
configure:3487: $? = 0
configure:3490: test -s conftest.o
configure:3493: $? = 0
configure:3504: result: yes
configure:3532: checking sys/ioccom.h usability
configure:3544: gcc -c -g -O2  conftest.c >&5
conftest.c:55:24: sys/ioccom.h: No such file or directory
configure:3550: $? = 1
configure: failed program was:
| /* confdefs.h.  */
| 
| #define PACKAGE_NAME ""
| #define PACKAGE_TARNAME ""
| #define PACKAGE_VERSION ""
| #define PACKAGE_STRING ""
| #define PACKAGE_BUGREPORT ""
| #define inline inline
| #define HAVE___ATTRIBUTE__ 1
| #define STDC_HEADERS 1
| #define HAVE_SYS_TYPES_H 1
| #define HAVE_SYS_STAT_H 1
| #define HAVE_STDLIB_H 1
| #define HAVE_STRING_H 1
| #define HAVE_MEMORY_H 1
| #define HAVE_STRINGS_H 1
| #define HAVE_INTTYPES_H 1
| #define HAVE_STDINT_H 1
| #define HAVE_UNISTD_H 1
| /* end confdefs.h.  */
| #include <stdio.h>
| #if HAVE_SYS_TYPES_H
| # include <sys/types.h>
| #endif
| #if HAVE_SYS_STAT_H
| # include <sys/stat.h>
| #endif
| #if STDC_HEADERS
| # include <stdlib.h>
| # include <stddef.h>
| #else
| # if HAVE_STDLIB_H
| #  include <stdlib.h>
| # endif
| #endif
| #if HAVE_STRING_H
| # if !STDC_HEADERS && HAVE_MEMORY_H
| #  include <memory.h>
| # endif
| # include <string.h>
| #endif
| #if HAVE_STRINGS_H
| # include <strings.h>
| #endif
| #if HAVE_INTTYPES_H
| # include <inttypes.h>
| #else
| # if HAVE_STDINT_H
| #  include <stdint.h>
| # endif
| #endif
| #if HAVE_UNISTD_H
| # include <unistd.h>
| #endif
| #include <sys/ioccom.h>
configure:3573: result: no
configure:3577: checking sys/ioccom.h presence
configure:3587: gcc -E  conftest.c
conftest.c:21:24: sys/ioccom.h: No such file or directory
configure:3593: $? = 1
configure: failed program was:
| /* confdefs.h.  */
| 
| #define PACKAGE_NAME ""
| #define PACKAGE_TARNAME ""
| #define PACKAGE_VERSION ""
| #define PACKAGE_STRING ""
| #define PACKAGE_BUGREPORT ""
| #define inline inline
| #define HAVE___ATTRIBUTE__ 1
| #define STDC_HEADERS 1
| #define HAVE_SYS_TYPES_H 1
| #define HAVE_SYS_STAT_H 1
| #define HAVE_STDLIB_H 1
| #define HAVE_STRING_H 1
| #define HAVE_MEMORY_H 1
| #define HAVE_STRINGS_H 1
| #define HAVE_INTTYPES_H 1
| #define HAVE_STDINT_H 1
| #define HAVE_UNISTD_H 1
| /* end confdefs.h.  */
| #include <sys/ioccom.h>
configure:3613: result: no
configure:3648: checking for sys/ioccom.h
configure:3655: result: no
configure:3532: checking sys/sockio.h usability
configure:3544: gcc -c -g -O2  conftest.c >&5
conftest.c:55:24: sys/sockio.h: No such file or directory
configure:3550: $? = 1
configure: failed program was:
| /* confdefs.h.  */
| 
| #define PACKAGE_NAME ""
| #define PACKAGE_TARNAME ""
| #define PACKAGE_VERSION ""
| #define PACKAGE_STRING ""
| #define PACKAGE_BUGREPORT ""
| #define inline inline
| #define HAVE___ATTRIBUTE__ 1
| #define STDC_HEADERS 1
| #define HAVE_SYS_TYPES_H 1
| #define HAVE_SYS_STAT_H 1
| #define HAVE_STDLIB_H 1
| #define HAVE_STRING_H 1
| #define HAVE_MEMORY_H 1
| #define HAVE_STRINGS_H 1
| #define HAVE_INTTYPES_H 1
| #define HAVE_STDINT_H 1
| #define HAVE_UNISTD_H 1
| /* end confdefs.h.  */
| #include <stdio.h>
| #if HAVE_SYS_TYPES_H
| # include <sys/types.h>
| #endif
| #if HAVE_SYS_STAT_H
| # include <sys/stat.h>
| #endif
| #if STDC_HEADERS
| # include <stdlib.h>
| # include <stddef.h>
| #else
| # if HAVE_STDLIB_H
| #  include <stdlib.h>
| # endif
| #endif
| #if HAVE_STRING_H
| # if !STDC_HEADERS && HAVE_MEMORY_H
| #  include <memory.h>
| # endif
| # include <string.h>
| #endif
| #if HAVE_STRINGS_H
| # include <strings.h>
| #endif
| #if HAVE_INTTYPES_H
| # include <inttypes.h>
| #else
| # if HAVE_STDINT_H
| #  include <stdint.h>
| # endif
| #endif
| #if HAVE_UNISTD_H
| # include <unistd.h>
| #endif
| #include <sys/sockio.h>
configure:3573: result: no
configure:3577: checking sys/sockio.h presence
configure:3587: gcc -E  conftest.c
conftest.c:21:24: sys/sockio.h: No such file or directory
configure:3593: $? = 1
configure: failed program was:
| /* confdefs.h.  */
| 
| #define PACKAGE_NAME ""
| #define PACKAGE_TARNAME ""
| #define PACKAGE_VERSION ""
| #define PACKAGE_STRING ""
| #define PACKAGE_BUGREPORT ""
| #define inline inline
| #define HAVE___ATTRIBUTE__ 1
| #define STDC_HEADERS 1
| #define HAVE_SYS_TYPES_H 1
| #define HAVE_SYS_STAT_H 1
| #define HAVE_STDLIB_H 1
| #define HAVE_STRING_H 1
| #define HAVE_MEMORY_H 1
| #define HAVE_STRINGS_H 1
| #define HAVE_INTTYPES_H 1
| #define HAVE_STDINT_H 1
| #define HAVE_UNISTD_H 1
| /* end confdefs.h.  */
| #include <sys/sockio.h>
configure:3613: result: no
configure:3648: checking for sys/sockio.h
configure:3655: result: no
configure:3532: checking limits.h usability
configure:3544: gcc -c -g -O2  conftest.c >&5
configure:3550: $? = 0
configure:3554: test -z 
			 || test ! -s conftest.err
configure:3557: $? = 0
configure:3560: test -s conftest.o
configure:3563: $? = 0
configure:3573: result: yes
configure:3577: checking limits.h presence
configure:3587: gcc -E  conftest.c
configure:3593: $? = 0
configure:3613: result: yes
configure:3648: checking for limits.h
configure:3655: result: yes
configure:3672: checking for netinet/if_ether.h
configure:3689: gcc -c -g -O2  conftest.c >&5
configure:3695: $? = 0
configure:3699: test -z 
			 || test ! -s conftest.err
configure:3702: $? = 0
configure:3705: test -s conftest.o
configure:3708: $? = 0
configure:3719: result: yes
configure:3810: checking for ANSI ioctl definitions
configure:3843: gcc -c -g -O2  conftest.c >&5
configure:3849: $? = 0
configure:3853: test -z 
			 || test ! -s conftest.err
configure:3856: $? = 0
configure:3859: test -s conftest.o
configure:3862: $? = 0
configure:3874: result: yes
configure:3890: checking for strerror
configure:3947: gcc -o conftest -g -O2   conftest.c  >&5
configure:3953: $? = 0
configure:3957: test -z 
			 || test ! -s conftest.err
configure:3960: $? = 0
configure:3963: test -s conftest
configure:3966: $? = 0
configure:3978: result: yes
configure:3890: checking for strlcpy
configure:3947: gcc -o conftest -g -O2   conftest.c  >&5
/tmp/fyodor/ccCYo7zr.o(.text+0x9): In function `main':
/home/fyodor/nmap/libpcap/conftest.c:64: undefined reference to `strlcpy'
/tmp/fyodor/ccCYo7zr.o(.data+0x0): undefined reference to `strlcpy'
collect2: ld returned 1 exit status
configure:3953: $? = 1
configure: failed program was:
| /* confdefs.h.  */
| 
| #define PACKAGE_NAME ""
| #define PACKAGE_TARNAME ""
| #define PACKAGE_VERSION ""
| #define PACKAGE_STRING ""
| #define PACKAGE_BUGREPORT ""
| #define inline inline
| #define HAVE___ATTRIBUTE__ 1
| #define STDC_HEADERS 1
| #define HAVE_SYS_TYPES_H 1
| #define HAVE_SYS_STAT_H 1
| #define HAVE_STDLIB_H 1
| #define HAVE_STRING_H 1
| #define HAVE_MEMORY_H 1
| #define HAVE_STRINGS_H 1
| #define HAVE_INTTYPES_H 1
| #define HAVE_STDINT_H 1
| #define HAVE_UNISTD_H 1
| #define HAVE_LIMITS_H 1
| #define HAVE_NETINET_IF_ETHER_H 1
| #define HAVE_STRERROR 1
| /* end confdefs.h.  */
| /* Define strlcpy to an innocuous variant, in case <limits.h> declares strlcpy.
|    For example, HP-UX 11i <limits.h> declares gettimeofday.  */
| #define strlcpy innocuous_strlcpy
| 
| /* System header to define __stub macros and hopefully few prototypes,
|     which can conflict with char strlcpy (); below.
|     Prefer <limits.h> to <assert.h> if __STDC__ is defined, since
|     <limits.h> exists even on freestanding compilers.  */
| 
| #ifdef __STDC__
| # include <limits.h>
| #else
| # include <assert.h>
| #endif
| 
| #undef strlcpy
| 
| /* Override any gcc2 internal prototype to avoid an error.  */
| #ifdef __cplusplus
| extern "C"
| {
| #endif
| /* We use char because int might match the return type of a gcc2
|    builtin and then its argument prototype would still apply.  */
| char strlcpy ();
| /* The GNU C library defines this for functions which it implements
|     to always fail with ENOSYS.  Some functions are actually named
|     something starting with __ and the normal name is an alias.  */
| #if defined (__stub_strlcpy) || defined (__stub___strlcpy)
| choke me
| #else
| char (*f) () = strlcpy;
| #endif
| #ifdef __cplusplus
| }
| #endif
| 
| int
| main ()
| {
| return f != strlcpy;
|   ;
|   return 0;
| }
configure:3978: result: no
configure:3995: checking for vsnprintf
configure:4052: gcc -o conftest -g -O2   conftest.c  >&5
conftest.c:48: warning: conflicting types for built-in function 'vsnprintf'
configure:4058: $? = 0
configure:4062: test -z 
			 || test ! -s conftest.err
configure:4065: $? = 0
configure:4068: test -s conftest
configure:4071: $? = 0
configure:4083: result: yes
configure:3995: checking for snprintf
configure:4052: gcc -o conftest -g -O2   conftest.c  >&5
conftest.c:49: warning: conflicting types for built-in function 'snprintf'
configure:4058: $? = 0
configure:4062: test -z 
			 || test ! -s conftest.err
configure:4065: $? = 0
configure:4068: test -s conftest
configure:4071: $? = 0
configure:4083: result: yes
configure:4115: checking for library containing gethostbyname
configure:4145: gcc -o conftest -g -O2   conftest.c  >&5
configure:4151: $? = 0
configure:4155: test -z 
			 || test ! -s conftest.err
configure:4158: $? = 0
configure:4161: test -s conftest
configure:4164: $? = 0
configure:4234: result: none required
configure:4314: checking for library containing socket
configure:4344: gcc -o conftest -g -O2   conftest.c  >&5
configure:4350: $? = 0
configure:4354: test -z 
			 || test ! -s conftest.err
configure:4357: $? = 0
configure:4360: test -s conftest
configure:4363: $? = 0
configure:4433: result: none required
configure:4510: checking for library containing putmsg
configure:4540: gcc -o conftest -g -O2   conftest.c  >&5
/tmp/fyodor/ccIIjwGO.o(.text+0x7): In function `main':
/home/fyodor/nmap/libpcap/conftest.c:37: warning: warning: putmsg is not implemented and will always fail
configure:4546: $? = 0
configure:4550: test -z 
			 || test ! -s conftest.err
configure:4553: $? = 0
configure:4556: test -s conftest
configure:4559: $? = 0
configure:4629: result: none required
configure:4653: checking for ether_hostton
configure:4710: gcc -o conftest -g -O2   conftest.c  >&5
configure:4716: $? = 0
configure:4720: test -z 
			 || test ! -s conftest.err
configure:4723: $? = 0
configure:4726: test -s conftest
configure:4729: $? = 0
configure:4741: result: yes
configure:4759: checking whether ether_hostton is declared
configure:4793: gcc -c -g -O2  conftest.c >&5
conftest.c: In function `main':
conftest.c:42: error: `ether_hostton' undeclared (first use in this function)
conftest.c:42: error: (Each undeclared identifier is reported only once
conftest.c:42: error: for each function it appears in.)
configure:4799: $? = 1
configure: failed program was:
| /* confdefs.h.  */
| 
| #define PACKAGE_NAME ""
| #define PACKAGE_TARNAME ""
| #define PACKAGE_VERSION ""
| #define PACKAGE_STRING ""
| #define PACKAGE_BUGREPORT ""
| #define inline inline
| #define HAVE___ATTRIBUTE__ 1
| #define STDC_HEADERS 1
| #define HAVE_SYS_TYPES_H 1
| #define HAVE_SYS_STAT_H 1
| #define HAVE_STDLIB_H 1
| #define HAVE_STRING_H 1
| #define HAVE_MEMORY_H 1
| #define HAVE_STRINGS_H 1
| #define HAVE_INTTYPES_H 1
| #define HAVE_STDINT_H 1
| #define HAVE_UNISTD_H 1
| #define HAVE_LIMITS_H 1
| #define HAVE_NETINET_IF_ETHER_H 1
| #define HAVE_STRERROR 1
| #define HAVE_VSNPRINTF 1
| #define HAVE_SNPRINTF 1
| #define HAVE_ETHER_HOSTTON 1
| /* end confdefs.h.  */
| 
| #include <sys/types.h>
| #include <sys/socket.h>
| #include <netinet/in.h>
| #include <arpa/inet.h>
| struct mbuf;
| struct rtentry;
| #include <net/if.h>
| #include <netinet/if_ether.h>
| 
| 
| int
| main ()
| {
| #ifndef ether_hostton
|   char *p = (char *) ether_hostton;
| #endif
| 
|   ;
|   return 0;
| }
configure:4823: result: no
configure:4857: checking netinet/ether.h usability
configure:4869: gcc -c -g -O2  conftest.c >&5
configure:4875: $? = 0
configure:4879: test -z 
			 || test ! -s conftest.err
configure:4882: $? = 0
configure:4885: test -s conftest.o
configure:4888: $? = 0
configure:4898: result: yes
configure:4902: checking netinet/ether.h presence
configure:4912: gcc -E  conftest.c
configure:4918: $? = 0
configure:4938: result: yes
configure:4973: checking for netinet/ether.h
configure:4980: result: yes
configure:5001: checking whether ether_hostton is declared
configure:5028: gcc -c -g -O2  conftest.c >&5
configure:5034: $? = 0
configure:5038: test -z 
			 || test ! -s conftest.err
configure:5041: $? = 0
configure:5044: test -s conftest.o
configure:5047: $? = 0
configure:5058: result: yes
configure:5169: checking if --disable-protochain option is specified
configure:5189: result: enabled
configure:5203: checking packet capture type
configure:5239: result: linux
configure:5250: checking for getifaddrs
configure:5307: gcc -o conftest -g -O2   conftest.c  >&5
configure:5313: $? = 0
configure:5317: test -z 
			 || test ! -s conftest.err
configure:5320: $? = 0
configure:5323: test -s conftest
configure:5326: $? = 0
configure:5338: result: yes
configure:5356: checking ifaddrs.h usability
configure:5368: gcc -c -g -O2  conftest.c >&5
configure:5374: $? = 0
configure:5378: test -z 
			 || test ! -s conftest.err
configure:5381: $? = 0
configure:5384: test -s conftest.o
configure:5387: $? = 0
configure:5397: result: yes
configure:5401: checking ifaddrs.h presence
configure:5411: gcc -E  conftest.c
configure:5417: $? = 0
configure:5437: result: yes
configure:5472: checking for ifaddrs.h
configure:5479: result: yes
configure:5607: checking if --enable-ipv6 option is specified
configure:5621: result: no
configure:5624: checking whether to build optimizer debugging code
configure:5638: result: no
configure:5641: checking whether to build parser debugging code
configure:5655: result: no
configure:5844: checking Linux kernel version
configure:5862: result: 2
configure:5874: checking if if_packet.h has tpacket_stats defined
configure:5896: gcc -c -g -O2  conftest.c >&5
configure:5902: $? = 0
configure:5906: test -z 
			 || test ! -s conftest.err
configure:5909: $? = 0
configure:5912: test -s conftest.o
configure:5915: $? = 0
configure:5927: result: yes
configure:5955: checking whether we have /proc/net/dev
configure:5969: result: yes
configure:6050: checking whether we have DAG API headers
configure:6073: result: no (/usr/local/include)
configure:6339: checking whether we have Septel API
configure:6364: result: no
configure:6539: checking for ranlib
configure:6555: found /usr/bin/ranlib
configure:6566: result: ranlib
configure:6620: checking if sockaddr struct has sa_len member
configure:6643: gcc -c -g -O2  conftest.c >&5
conftest.c: In function `main':
conftest.c:38: error: structure has no member named `sa_len'
configure:6649: $? = 1
configure: failed program was:
| /* confdefs.h.  */
| 
| #define PACKAGE_NAME ""
| #define PACKAGE_TARNAME ""
| #define PACKAGE_VERSION ""
| #define PACKAGE_STRING ""
| #define PACKAGE_BUGREPORT ""
| #define inline inline
| #define HAVE___ATTRIBUTE__ 1
| #define STDC_HEADERS 1
| #define HAVE_SYS_TYPES_H 1
| #define HAVE_SYS_STAT_H 1
| #define HAVE_STDLIB_H 1
| #define HAVE_STRING_H 1
| #define HAVE_MEMORY_H 1
| #define HAVE_STRINGS_H 1
| #define HAVE_INTTYPES_H 1
| #define HAVE_STDINT_H 1
| #define HAVE_UNISTD_H 1
| #define HAVE_LIMITS_H 1
| #define HAVE_NETINET_IF_ETHER_H 1
| #define HAVE_STRERROR 1
| #define HAVE_VSNPRINTF 1
| #define HAVE_SNPRINTF 1
| #define HAVE_ETHER_HOSTTON 1
| #define HAVE_NETINET_ETHER_H 1
| #define NETINET_ETHER_H_DECLARES_ETHER_HOSTTON
| #define HAVE_DECL_ETHER_HOSTTON 1
| #define HAVE_TPACKET_STATS 1
| #define HAVE_PROC_NET_DEV 1
| /* end confdefs.h.  */
| 
| #	include <sys/types.h>
| #	include <sys/socket.h>
| int
| main ()
| {
| u_int i = sizeof(((struct sockaddr *)0)->sa_len)
|   ;
|   return 0;
| }
configure:6674: result: no
configure:6684: checking if sockaddr_storage struct exists
configure:6707: gcc -c -g -O2  conftest.c >&5
configure:6713: $? = 0
configure:6717: test -z 
			 || test ! -s conftest.err
configure:6720: $? = 0
configure:6723: test -s conftest.o
configure:6726: $? = 0
configure:6738: result: yes
configure:6748: checking if dl_hp_ppa_info_t struct has dl_module_id_1 member
configure:6772: gcc -c -g -O2  conftest.c >&5
conftest.c:35:23: sys/dlpi.h: No such file or directory
conftest.c:36:27: sys/dlpi_ext.h: No such file or directory
conftest.c: In function `main':
conftest.c:40: error: `dl_hp_ppa_info_t' undeclared (first use in this function)
conftest.c:40: error: (Each undeclared identifier is reported only once
conftest.c:40: error: for each function it appears in.)
conftest.c:40: error: syntax error before ')' token
configure:6778: $? = 1
configure: failed program was:
| /* confdefs.h.  */
| 
| #define PACKAGE_NAME ""
| #define PACKAGE_TARNAME ""
| #define PACKAGE_VERSION ""
| #define PACKAGE_STRING ""
| #define PACKAGE_BUGREPORT ""
| #define inline inline
| #define HAVE___ATTRIBUTE__ 1
| #define STDC_HEADERS 1
| #define HAVE_SYS_TYPES_H 1
| #define HAVE_SYS_STAT_H 1
| #define HAVE_STDLIB_H 1
| #define HAVE_STRING_H 1
| #define HAVE_MEMORY_H 1
| #define HAVE_STRINGS_H 1
| #define HAVE_INTTYPES_H 1
| #define HAVE_STDINT_H 1
| #define HAVE_UNISTD_H 1
| #define HAVE_LIMITS_H 1
| #define HAVE_NETINET_IF_ETHER_H 1
| #define HAVE_STRERROR 1
| #define HAVE_VSNPRINTF 1
| #define HAVE_SNPRINTF 1
| #define HAVE_ETHER_HOSTTON 1
| #define HAVE_NETINET_ETHER_H 1
| #define NETINET_ETHER_H_DECLARES_ETHER_HOSTTON
| #define HAVE_DECL_ETHER_HOSTTON 1
| #define HAVE_TPACKET_STATS 1
| #define HAVE_PROC_NET_DEV 1
| #define HAVE_SOCKADDR_STORAGE 1
| /* end confdefs.h.  */
| 
| #	include <sys/types.h>
| #	include <sys/dlpi.h>
| #	include <sys/dlpi_ext.h>
| int
| main ()
| {
| u_int i = sizeof(((dl_hp_ppa_info_t *)0)->dl_module_id_1)
|   ;
|   return 0;
| }
configure:6803: result: no
configure:6813: checking if unaligned accesses fail
configure:6900: result: no
configure:6911: checking whether the compiler is gcc 4 or greater
configure:6936: result: no - 3 ; gcc ; yes
configure:6983: checking for a BSD-compatible install
configure:7038: result: /usr/bin/install -c
configure:7149: creating ./config.status

## ---------------------- ##
## Running config.status. ##
## ---------------------- ##

This file was extended by config.status, which was
generated by GNU Autoconf 2.59.  Invocation command line was

  CONFIG_FILES    = 
  CONFIG_HEADERS  = 
  CONFIG_LINKS    = 
  CONFIG_COMMANDS = 
  $ ./config.status 

on flog.yuma.net

config.status:673: creating Makefile
config.status:777: creating config.h
config.status:909: config.h is unchanged

## ---------------- ##
## Cache variables. ##
## ---------------- ##

ac_cv___attribute__=yes
ac_cv_build=x86_64-unknown-linux-gnu
ac_cv_build_alias=x86_64-unknown-linux-gnu
ac_cv_c_compiler_gnu=yes
ac_cv_env_CC_set=
ac_cv_env_CC_value=
ac_cv_env_CFLAGS_set=
ac_cv_env_CFLAGS_value=
ac_cv_env_CPPFLAGS_set=
ac_cv_env_CPPFLAGS_value=
ac_cv_env_CPP_set=
ac_cv_env_CPP_value=
ac_cv_env_LDFLAGS_set=
ac_cv_env_LDFLAGS_value=
ac_cv_env_build_alias_set=
ac_cv_env_build_alias_value=
ac_cv_env_host_alias_set=
ac_cv_env_host_alias_value=
ac_cv_env_target_alias_set=
ac_cv_env_target_alias_value=
ac_cv_exeext=
ac_cv_func_ether_hostton=yes
ac_cv_func_getifaddrs=yes
ac_cv_func_snprintf=yes
ac_cv_func_strerror=yes
ac_cv_func_strlcpy=no
ac_cv_func_vsnprintf=yes
ac_cv_have_decl_ether_hostton=yes
ac_cv_header_ifaddrs_h=yes
ac_cv_header_inttypes_h=yes
ac_cv_header_limits_h=yes
ac_cv_header_memory_h=yes
ac_cv_header_netinet_ether_h=yes
ac_cv_header_netinet_if_ether_h=yes
ac_cv_header_stdc=yes
ac_cv_header_stdint_h=yes
ac_cv_header_stdlib_h=yes
ac_cv_header_string_h=yes
ac_cv_header_strings_h=yes
ac_cv_header_sys_ioccom_h=no
ac_cv_header_sys_sockio_h=no
ac_cv_header_sys_stat_h=yes
ac_cv_header_sys_types_h=yes
ac_cv_header_unistd_h=yes
ac_cv_host=x86_64-unknown-linux-gnu
ac_cv_host_alias=x86_64-unknown-linux-gnu
ac_cv_lbl_dag_api=no
ac_cv_lbl_dl_hp_ppa_info_t_has_dl_module_id_1=no
ac_cv_lbl_gcc_fixincludes=yes
ac_cv_lbl_gcc_vers=3
ac_cv_lbl_has_sockaddr_storage=yes
ac_cv_lbl_have_u_int16_t=yes
ac_cv_lbl_have_u_int32_t=yes
ac_cv_lbl_have_u_int8_t=yes
ac_cv_lbl_inline=inline
ac_cv_lbl_proc_net_dev=yes
ac_cv_lbl_septel_api=no
ac_cv_lbl_sockaddr_has_sa_len=no
ac_cv_lbl_tpacket_stats=yes
ac_cv_lbl_unaligned_fail=no
ac_cv_linux_vers=2
ac_cv_objext=o
ac_cv_path_install='/usr/bin/install -c'
ac_cv_prog_CPP='gcc -E'
ac_cv_prog_ac_ct_CC=gcc
ac_cv_prog_ac_ct_RANLIB=ranlib
ac_cv_prog_cc_g=yes
ac_cv_prog_cc_stdc=
ac_cv_prog_egrep='grep -E'
ac_cv_search_gethostbyname='none required'
ac_cv_search_putmsg='none required'
ac_cv_search_socket='none required'
ac_cv_target=x86_64-unknown-linux-gnu
ac_cv_target_alias=x86_64-unknown-linux-gnu

## ----------------- ##
## Output variables. ##
## ----------------- ##

CC='gcc'
CFLAGS='-g -O2'
CPP='gcc -E'
CPPFLAGS=''
DEFS='-DHAVE_CONFIG_H'
DYEXT='so'
ECHO_C=''
ECHO_N='-n'
ECHO_T=''
EGREP='grep -E'
EXEEXT=''
INSTALL_DATA='${INSTALL} -m 644'
INSTALL_PROGRAM='${INSTALL}'
INSTALL_SCRIPT='${INSTALL}'
LDFLAGS=''
LIBOBJS=''
LIBS=''
LTLIBOBJS=''
OBJEXT='o'
PACKAGE_BUGREPORT=''
PACKAGE_NAME=''
PACKAGE_STRING=''
PACKAGE_TARNAME=''
PACKAGE_VERSION=''
PATH_SEPARATOR=':'
RANLIB='ranlib'
SHELL='/bin/sh'
SHLICC2=''
SSRC=''
V_CCOPT='-g -O2'
V_DEFS=' -D_U_="__attribute__((unused))"'
V_FINDALLDEVS='getad'
V_INCLS=''
V_LIBS=''
V_PCAP='linux'
V_RANLIB=''
ac_ct_CC='gcc'
ac_ct_RANLIB='ranlib'
bindir='${exec_prefix}/bin'
build='x86_64-unknown-linux-gnu'
build_alias=''
build_cpu='x86_64'
build_os='linux-gnu'
build_vendor='unknown'
datadir='${prefix}/share'
exec_prefix='${prefix}'
host='x86_64-unknown-linux-gnu'
host_alias=''
host_cpu='x86_64'
host_os='linux-gnu'
host_vendor='unknown'
includedir='${prefix}/include'
infodir='${prefix}/info'
libdir='${exec_prefix}/lib'
libexecdir='${exec_prefix}/libexec'
localstatedir='${prefix}/var'
mandir='${prefix}/man'
oldincludedir='/usr/include'
prefix='/usr/local'
program_transform_name='s,x,x,'
sbindir='${exec_prefix}/sbin'
sharedstatedir='${prefix}/com'
sysconfdir='${prefix}/etc'
target='x86_64-unknown-linux-gnu'
target_alias=''
target_cpu='x86_64'
target_os='linux-gnu'
target_vendor='unknown'

## ----------- ##
## confdefs.h. ##
## ----------- ##

#define HAVE_DECL_ETHER_HOSTTON 1
#define HAVE_ETHER_HOSTTON 1
#define HAVE_INTTYPES_H 1
#define HAVE_LIMITS_H 1
#define HAVE_MEMORY_H 1
#define HAVE_NETINET_ETHER_H 1
#define HAVE_NETINET_IF_ETHER_H 1
#define HAVE_PROC_NET_DEV 1
#define HAVE_SNPRINTF 1
#define HAVE_SOCKADDR_STORAGE 1
#define HAVE_STDINT_H 1
#define HAVE_STDLIB_H 1
#define HAVE_STRERROR 1
#define HAVE_STRINGS_H 1
#define HAVE_STRING_H 1
#define HAVE_SYS_STAT_H 1
#define HAVE_SYS_TYPES_H 1
#define HAVE_TPACKET_STATS 1
#define HAVE_UNISTD_H 1
#define HAVE_VERSION_H 1
#define HAVE_VSNPRINTF 1
#define HAVE___ATTRIBUTE__ 1
#define NETINET_ETHER_H_DECLARES_ETHER_HOSTTON
#define PACKAGE_BUGREPORT ""
#define PACKAGE_NAME ""
#define PACKAGE_STRING ""
#define PACKAGE_TARNAME ""
#define PACKAGE_VERSION ""
#define STDC_HEADERS 1
#define inline inline

configure: exit 0
